Arguments: 
  /usr/local/bin/node /usr/local/bin/yarn

PATH: 
  /usr/local/bin:/System/Cryptexes/App/usr/bin:/usr/bin:/bin:/usr/sbin:/sbin

Yarn version: 
  1.22.19

Node version: 
  16.17.1

Platform: 
  darwin arm64

Trace: 
  Error: https://registry.yarnpkg.com/p4arcel: Not found
      at Request.params.callback [as _callback] (/usr/local/lib/node_modules/yarn/lib/cli.js:66145:18)
      at Request.self.callback (/usr/local/lib/node_modules/yarn/lib/cli.js:140890:22)
      at Request.emit (node:events:513:28)
      at Request.<anonymous> (/usr/local/lib/node_modules/yarn/lib/cli.js:141862:10)
      at Request.emit (node:events:513:28)
      at IncomingMessage.<anonymous> (/usr/local/lib/node_modules/yarn/lib/cli.js:141784:12)
      at Object.onceWrapper (node:events:627:28)
      at IncomingMessage.emit (node:events:525:35)
      at endReadableNT (node:internal/streams/readable:1358:12)
      at processTicksAndRejections (node:internal/process/task_queues:83:21)

npm manifest: 
  {
    "dependencies": {
      "axios": "^1.3.2",
      "p4arcel": "^2.8.3"
    },
    "name": "shop",
    "version": "1.0.0",
    "main": "index.js",
    "devDependencies": {
      "buffer": "^5.7.1",
      "parcel-plugin-static-files-copy": "^2.6.0"
    },
    "scripts": {
      "dev": "parcel src/*.html src/pages/*.html src/admin/categories/*.html src/admin/products/*.html src/admin/order/*.html",
      "devw": "parcel watch ./*html"
    },
    "author": "",
    "license": "ISC",
    "staticFile": {
      "staticPath": "public",
      "watcherGlob": "**"
    },
    "description": ""
  }

yarn manifest: 
  No manifest

Lockfile: 
  No lockfile
